Using pre-set license
Built from '2021.3/staging' branch; Version is '2021.3.4f1 (cb45f9cae8b7) revision 13321721'; Using compiler version '192829333'; Build Type 'Release'
OS: 'Windows 10  (10.0.19044) 64bit Core' Language: 'es' Physical Memory: 16169 MB
BatchMode: 1, IsHumanControllingUs: 0, StartBugReporterOnCrash: 0, Is64bit: 1, IsPro: 1

COMMAND LINE ARGUMENTS:
C:\Program Files\Unity\Hub\Editor\2021.3.4f1\Editor\Unity.exe
-adb2
-batchMode
-noUpm
-name
AssetImportWorker2
-projectPath
C:/Users/Admin/Desktop/Proyecto4/TetrisBuilder
-logFile
Logs/AssetImportWorker2.log
-srvPort
57236
Successfully changed project path to: C:/Users/Admin/Desktop/Proyecto4/TetrisBuilder
C:/Users/Admin/Desktop/Proyecto4/TetrisBuilder
[UnityMemory] Configuration Parameters - Can be set up in boot.config
    "memorysetup-bucket-allocator-granularity=16"
    "memorysetup-bucket-allocator-bucket-count=8"
    "memorysetup-bucket-allocator-block-size=33554432"
    "memorysetup-bucket-allocator-block-count=8"
    "memorysetup-main-allocator-block-size=16777216"
    "memorysetup-thread-allocator-block-size=16777216"
    "memorysetup-gfx-main-allocator-block-size=16777216"
    "memorysetup-gfx-thread-allocator-block-size=16777216"
    "memorysetup-cache-allocator-block-size=4194304"
    "memorysetup-typetree-allocator-block-size=2097152"
    "memorysetup-profiler-bucket-allocator-granularity=16"
    "memorysetup-profiler-bucket-allocator-bucket-count=8"
    "memorysetup-profiler-bucket-allocator-block-size=33554432"
    "memorysetup-profiler-bucket-allocator-block-count=8"
    "memorysetup-profiler-allocator-block-size=16777216"
    "memorysetup-profiler-editor-allocator-block-size=1048576"
    "memorysetup-temp-allocator-size-main=16777216"
    "memorysetup-job-temp-allocator-block-size=2097152"
    "memorysetup-job-temp-allocator-block-size-background=1048576"
    "memorysetup-job-temp-allocator-reduction-small-platforms=262144"
    "memorysetup-temp-allocator-size-background-worker=32768"
    "memorysetup-temp-allocator-size-job-worker=262144"
    "memorysetup-temp-allocator-size-preload-manager=33554432"
    "memorysetup-temp-allocator-size-nav-mesh-worker=65536"
    "memorysetup-temp-allocator-size-audio-worker=65536"
    "memorysetup-temp-allocator-size-cloud-worker=32768"
    "memorysetup-temp-allocator-size-gi-baking-worker=262144"
    "memorysetup-temp-allocator-size-gfx=262144"
Refreshing native plugins compatible for Editor in 97.24 ms, found 3 plugins.
Preloading 0 native plugins for Editor in 0.00 ms.
Initialize engine version: 2021.3.4f1 (cb45f9cae8b7)
[Subsystems] Discovering subsystems at path C:/Program Files/Unity/Hub/Editor/2021.3.4f1/Editor/Data/Resources/UnitySubsystems
[Subsystems] Discovering subsystems at path C:/Users/Admin/Desktop/Proyecto4/TetrisBuilder/Assets
GfxDevice: creating device client; threaded=0; jobified=0
Direct3D:
    Version:  Direct3D 11.0 [level 11.1]
    Renderer: NVIDIA GeForce GTX 1660 Ti (ID=0x2191)
    Vendor:   NVIDIA
    VRAM:     5991 MB
    Driver:   30.0.15.1278
Initialize mono
Mono path[0] = 'C:/Program Files/Unity/Hub/Editor/2021.3.4f1/Editor/Data/Managed'
Mono path[1] = 'C:/Program Files/Unity/Hub/Editor/2021.3.4f1/Editor/Data/MonoBleedingEdge/lib/mono/unityjit-win32'
Mono config path = 'C:/Program Files/Unity/Hub/Editor/2021.3.4f1/Editor/Data/MonoBleedingEdge/etc'
Using monoOptions --debugger-agent=transport=dt_socket,embedding=1,server=y,suspend=n,address=127.0.0.1:56180
Begin MonoManager ReloadAssembly
Registering precompiled unity dll's ...
Register platform support module: C:/Program Files/Unity/Hub/Editor/2021.3.4f1/Editor/Data/PlaybackEngines/WindowsStandaloneSupport/UnityEditor.WindowsStandalone.Extensions.dll
Registered in 0.009214 seconds.
Native extension for WindowsStandalone target not found
Refreshing native plugins compatible for Editor in 91.94 ms, found 3 plugins.
Preloading 0 native plugins for Editor in 0.00 ms.
Mono: successfully reloaded assembly
- Completed reload, in  0.701 seconds
Domain Reload Profiling:
	ReloadAssembly (701ms)
		BeginReloadAssembly (74ms)
			ExecutionOrderSort (0ms)
			DisableScriptedObjects (0ms)
			BackupInstance (0ms)
			ReleaseScriptingObjects (0ms)
			CreateAndSetChildDomain (1ms)
		EndReloadAssembly (503ms)
			LoadAssemblies (72ms)
			RebuildTransferFunctionScriptingTraits (0ms)
			SetupTypeCache (118ms)
			ReleaseScriptCaches (0ms)
			RebuildScriptCaches (29ms)
			SetupLoadedEditorAssemblies (302ms)
				LogAssemblyErrors (0ms)
				InitializePlatformSupportModulesInManaged (10ms)
				SetLoadedEditorAssemblies (0ms)
				RefreshPlugins (92ms)
				BeforeProcessingInitializeOnLoad (1ms)
				ProcessInitializeOnLoadAttributes (146ms)
				ProcessInitializeOnLoadMethodAttributes (52ms)
				AfterProcessingInitializeOnLoad (0ms)
				EditorAssembliesLoaded (0ms)
			ExecutionOrderSort2 (0ms)
			AwakeInstancesAfterBackupRestoration (0ms)
Platform modules already initialized, skipping
Registering precompiled user dll's ...
Registered in 0.004485 seconds.
Begin MonoManager ReloadAssembly
Symbol file LoadedFromMemory doesn't match image C:\Users\Admin\Desktop\Proyecto4\TetrisBuilder\Library\PackageCache\com.unity.visualscripting@1.7.8\Editor\VisualScripting.Core\Dependencies\YamlDotNet\Unity.VisualScripting.YamlDotNet.dll
Symbol file LoadedFromMemory doesn't match image C:\Users\Admin\Desktop\Proyecto4\TetrisBuilder\Library\PackageCache\com.unity.visualscripting@1.7.8\Editor\VisualScripting.Core\Dependencies\DotNetZip\Unity.VisualScripting.IonicZip.dll
Native extension for WindowsStandalone target not found
Refreshing native plugins compatible for Editor in 0.54 ms, found 3 plugins.
Preloading 0 native plugins for Editor in 0.00 ms.
Mono: successfully reloaded assembly
- Completed reload, in  1.003 seconds
Domain Reload Profiling:
	ReloadAssembly (1004ms)
		BeginReloadAssembly (102ms)
			ExecutionOrderSort (0ms)
			DisableScriptedObjects (6ms)
			BackupInstance (0ms)
			ReleaseScriptingObjects (0ms)
			CreateAndSetChildDomain (16ms)
		EndReloadAssembly (788ms)
			LoadAssemblies (72ms)
			RebuildTransferFunctionScriptingTraits (0ms)
			SetupTypeCache (266ms)
			ReleaseScriptCaches (1ms)
			RebuildScriptCaches (51ms)
			SetupLoadedEditorAssemblies (358ms)
				LogAssemblyErrors (0ms)
				InitializePlatformSupportModulesInManaged (6ms)
				SetLoadedEditorAssemblies (1ms)
				RefreshPlugins (1ms)
				BeforeProcessingInitializeOnLoad (83ms)
				ProcessInitializeOnLoadAttributes (228ms)
				ProcessInitializeOnLoadMethodAttributes (33ms)
				AfterProcessingInitializeOnLoad (6ms)
				EditorAssembliesLoaded (0ms)
			ExecutionOrderSort2 (0ms)
			AwakeInstancesAfterBackupRestoration (7ms)
Platform modules already initialized, skipping
========================================================================
Worker process is ready to serve import requests
Launched and connected shader compiler UnityShaderCompiler.exe after 0.03 seconds
Refreshing native plugins compatible for Editor in 1.05 ms, found 3 plugins.
Preloading 0 native plugins for Editor in 0.00 ms.
Unloading 3392 Unused Serialized files (Serialized files now loaded: 0)
Unloading 25 unused Assets / (55.3 KB). Loaded Objects now: 3850.
Memory consumption went from 118.4 MB to 118.3 MB.
Total: 3.319300 ms (FindLiveObjects: 0.315000 ms CreateObjectMapping: 0.263400 ms MarkObjects: 2.663800 ms  DeleteObjects: 0.075800 ms)

AssetImportParameters requested are different than current active one (requested -> active):
  custom:video-decoder-ogg-theora: a1e56fd34408186e4bbccfd4996cb3dc -> 
  custom:container-muxer-webm: aa71ff27fc2769a1b78a27578f13a17b -> 
  custom:container-demuxer-webm: 4f35f7cbe854078d1ac9338744f61a02 -> 
  custom:video-encoder-webm-vp8: eb34c28f22e8b96e1ab97ce403110664 -> 
  custom:audio-encoder-webm-vorbis: bf7c407c2cedff20999df2af8eb42d56 -> 
  custom:framework-win-MediaFoundation: 216162199b28c13a410421893ffa2e32 -> 
  custom:container-demuxer-ogg: 62fdf1f143b41e24485cea50d1cbac27 -> 
  custom:video-decoder-webm-vp8: 9c59270c3fd7afecdb556c50c9e8de78 -> 
  custom:audio-decoder-ogg-vorbis: bf7c407c2cedff20999df2af8eb42d56 -> 
========================================================================
Received Import Request.
  Time since last request: 499380.465342 seconds.
  path: Assets/Obreros/Iblock.fbx
  artifactKey: Guid(a5586554006afba408724aec1536f9bf) Importer(815301076,1909f56bfc062723c751e8b465ee728b)
Start importing Assets/Obreros/Iblock.fbx using Guid(a5586554006afba408724aec1536f9bf) Importer(815301076,1909f56bfc062723c751e8b465ee728b)  -> (artifact id: 'bfcf94aa059a71df06d86f6093458667') in 0.339916 seconds 
========================================================================
Received Import Request.
  Time since last request: 14.714641 seconds.
  path: Assets/Obreros/lblock.png
  artifactKey: Guid(c6d37cd56f2e78544887f10199cc5b82) Importer(815301076,1909f56bfc062723c751e8b465ee728b)
Start importing Assets/Obreros/lblock.png using Guid(c6d37cd56f2e78544887f10199cc5b82) Importer(815301076,1909f56bfc062723c751e8b465ee728b)  -> (artifact id: '27334a5a12e745f00242201a5e5c7d25') in 0.016101 seconds 
========================================================================
Received Import Request.
  Time since last request: 191.790322 seconds.
  path: Assets/Obreros/IBLOCK.mat
  artifactKey: Guid(cb4f2da4fb79b7d46a0f4ea1ad0189ed) Importer(815301076,1909f56bfc062723c751e8b465ee728b)
Start importing Assets/Obreros/IBLOCK.mat using Guid(cb4f2da4fb79b7d46a0f4ea1ad0189ed) Importer(815301076,1909f56bfc062723c751e8b465ee728b)  -> (artifact id: '5224bc5751eb19b0407f4f8d18929d59') in 0.011567 seconds 
========================================================================
Received Import Request.
  Time since last request: 119.583448 seconds.
  path: Assets/Obreros/Materials
  artifactKey: Guid(ee2ccea3bdb9d2540bb722adb02cfccb) Importer(815301076,1909f56bfc062723c751e8b465ee728b)
Start importing Assets/Obreros/Materials using Guid(ee2ccea3bdb9d2540bb722adb02cfccb) Importer(815301076,1909f56bfc062723c751e8b465ee728b)  -> (artifact id: 'ed86f3cb4ac1cd8786a8fa369e2ffeb4') in 0.001163 seconds 
========================================================================
Received Import Request.
  Time since last request: 0.058239 seconds.
  path: Assets/Obreros/Materials/lblock.mat
  artifactKey: Guid(694759b4d2a9f254f9c0c2abc885bb05) Importer(815301076,1909f56bfc062723c751e8b465ee728b)
Start importing Assets/Obreros/Materials/lblock.mat using Guid(694759b4d2a9f254f9c0c2abc885bb05) Importer(815301076,1909f56bfc062723c751e8b465ee728b)  -> (artifact id: '74b4aecf8d0db38cd2357d6fc6d00543') in 0.092184 seconds 
========================================================================
Received Import Request.
  Time since last request: 25.834091 seconds.
  path: Assets/Obreros/textures
  artifactKey: Guid(2ca1ea74a51b7a24a9a5d886e0b434f8) Importer(815301076,1909f56bfc062723c751e8b465ee728b)
Start importing Assets/Obreros/textures using Guid(2ca1ea74a51b7a24a9a5d886e0b434f8) Importer(815301076,1909f56bfc062723c751e8b465ee728b)  -> (artifact id: '0e2c8a9081c56a789dff2810f3f1da35') in 0.001477 seconds 
========================================================================
Received Import Request.
  Time since last request: 49.720279 seconds.
  path: Assets/Obreros/textures/4block.png
  artifactKey: Guid(23f2e2d80b49f3546bd41b5792e35cf3) Importer(815301076,1909f56bfc062723c751e8b465ee728b)
Start importing Assets/Obreros/textures/4block.png using Guid(23f2e2d80b49f3546bd41b5792e35cf3) Importer(815301076,1909f56bfc062723c751e8b465ee728b)  -> (artifact id: '69d1a344a1d5e1d53e16c23ab7206a6e') in 0.014568 seconds 
========================================================================
Received Import Request.
  Time since last request: 0.000031 seconds.
  path: Assets/Obreros/textures/zblock.png
  artifactKey: Guid(ae3adfe1a49f87c418650be6bb7e2332) Importer(815301076,1909f56bfc062723c751e8b465ee728b)
Start importing Assets/Obreros/textures/zblock.png using Guid(ae3adfe1a49f87c418650be6bb7e2332) Importer(815301076,1909f56bfc062723c751e8b465ee728b)  -> (artifact id: 'cb1dd458822587b05eecdc24c33331e4') in 0.013635 seconds 
========================================================================
Received Import Request.
  Time since last request: 0.000040 seconds.
  path: Assets/Obreros/textures/rvzblock.png
  artifactKey: Guid(c1dda27c50dca3147aaac159e1d1529f) Importer(815301076,1909f56bfc062723c751e8b465ee728b)
Start importing Assets/Obreros/textures/rvzblock.png using Guid(c1dda27c50dca3147aaac159e1d1529f) Importer(815301076,1909f56bfc062723c751e8b465ee728b)  -> (artifact id: '2c4365cb075caa94a62d0c3ec1494ad6') in 0.010155 seconds 
========================================================================
Received Import Request.
  Time since last request: 0.000033 seconds.
  path: Assets/Obreros/textures/lblock 1.png
  artifactKey: Guid(7e92d2e307d086d40bc790814643fef3) Importer(815301076,1909f56bfc062723c751e8b465ee728b)
Start importing Assets/Obreros/textures/lblock 1.png using Guid(7e92d2e307d086d40bc790814643fef3) Importer(815301076,1909f56bfc062723c751e8b465ee728b)  -> (artifact id: '80b0ec3704f4c2c39106c084c8002f8d') in 0.009374 seconds 
========================================================================
Received Import Request.
  Time since last request: 0.000028 seconds.
  path: Assets/Obreros/textures/tblock.png
  artifactKey: Guid(77117ff7dbf67914ca6e4eec055b1f0e) Importer(815301076,1909f56bfc062723c751e8b465ee728b)
Start importing Assets/Obreros/textures/tblock.png using Guid(77117ff7dbf67914ca6e4eec055b1f0e) Importer(815301076,1909f56bfc062723c751e8b465ee728b)  -> (artifact id: 'efb57c58e2ef3268ae02a81ca9c8c953') in 0.008341 seconds 
========================================================================
Received Import Request.
  Time since last request: 262.590529 seconds.
  path: Assets/Obreros/Iblock 1.fbx
  artifactKey: Guid(f87bf7e2f94bfc04e881518d032d8c3d) Importer(815301076,1909f56bfc062723c751e8b465ee728b)
Start importing Assets/Obreros/Iblock 1.fbx using Guid(f87bf7e2f94bfc04e881518d032d8c3d) Importer(815301076,1909f56bfc062723c751e8b465ee728b)  -> (artifact id: 'bb391d0b20a442eaffd88a5f95006f06') in 0.019251 seconds 
========================================================================
Received Import Request.
  Time since last request: 0.000034 seconds.
  path: Assets/Obreros/zblock.fbx
  artifactKey: Guid(cacfa8e10286e5e46b95b6ef547719fb) Importer(815301076,1909f56bfc062723c751e8b465ee728b)
Start importing Assets/Obreros/zblock.fbx using Guid(cacfa8e10286e5e46b95b6ef547719fb) Importer(815301076,1909f56bfc062723c751e8b465ee728b)  -> (artifact id: '49ef17a33d0855dbda3d99861bfacb26') in 0.023251 seconds 
========================================================================
Received Import Request.
  Time since last request: 0.000027 seconds.
  path: Assets/Obreros/tblock.fbx
  artifactKey: Guid(c247b1600a4858d4aa6a771171bd48c0) Importer(815301076,1909f56bfc062723c751e8b465ee728b)
Start importing Assets/Obreros/tblock.fbx using Guid(c247b1600a4858d4aa6a771171bd48c0) Importer(815301076,1909f56bfc062723c751e8b465ee728b)  -> (artifact id: '8e358d00cba18f09c01531fdb7b15688') in 0.021079 seconds 
========================================================================
Received Import Request.
  Time since last request: 0.000034 seconds.
  path: Assets/Obreros/jblock.fbx
  artifactKey: Guid(8d784f8c408eded4693b03230b0fec0f) Importer(815301076,1909f56bfc062723c751e8b465ee728b)
Start importing Assets/Obreros/jblock.fbx using Guid(8d784f8c408eded4693b03230b0fec0f) Importer(815301076,1909f56bfc062723c751e8b465ee728b)  -> (artifact id: 'a1be352308caa4f00df7980f13a753f8') in 0.018504 seconds 
========================================================================
Received Import Request.
  Time since last request: 0.000020 seconds.
  path: Assets/Obreros/lblock.fbx
  artifactKey: Guid(2b53acd286b25f040841c42b1609a01b) Importer(815301076,1909f56bfc062723c751e8b465ee728b)
Start importing Assets/Obreros/lblock.fbx using Guid(2b53acd286b25f040841c42b1609a01b) Importer(815301076,1909f56bfc062723c751e8b465ee728b)  -> (artifact id: '2ee8c37d8580efeb694b169de5ebe024') in 0.021807 seconds 
========================================================================
Received Import Request.
  Time since last request: 0.000034 seconds.
  path: Assets/Obreros/rvzblock.fbx
  artifactKey: Guid(84e0e1a4df6260d4ea3e2d6835f92f62) Importer(815301076,1909f56bfc062723c751e8b465ee728b)
Start importing Assets/Obreros/rvzblock.fbx using Guid(84e0e1a4df6260d4ea3e2d6835f92f62) Importer(815301076,1909f56bfc062723c751e8b465ee728b)  -> (artifact id: '35d0dd6af91c463de51ed3c6375de97f') in 0.019099 seconds 
Editor requested this worker to shutdown with reason: Scaling down because of idle timeout
AssetImportWorker is now disconnected from the server
Process exiting
Exiting without the bug reporter. Application will terminate with return code 0